android/app/build/intermediates/manifest_merge_blame_file/debug/manifest-merger-blame-debug-report.txt
1<?xml version="1.0" encoding="utf-8"?>
2<manifest xmlns:android="http://schemas.android.com/apk/res/android"
3    package="com.oneboulder"
4    android:versionCode="1"
5    android:versionName="1.0" >
6
7    <uses-sdk
8        android:minSdkVersion="21"
9        android:targetSdkVersion="33" />
10
11    <uses-permission android:name="android.permission.SYSTEM_ALERT_WINDOW" />
11-->src/debug/AndroidManifest.xml:5:5-77
11-->src/debug/AndroidManifest.xml:5:22-75
12
13    <uses-feature
13-->src/main/AndroidManifest.xml:3:5-5:36
14        android:name="android.hardware.camera"
14-->src/main/AndroidManifest.xml:4:9-47
15        android:required="false" />
15-->src/main/AndroidManifest.xml:5:9-33
16
17    <uses-permission android:name="android.permission.INTERNET" />
17-->src/main/AndroidManifest.xml:7:5-67
17-->src/main/AndroidManifest.xml:7:22-64
18    <uses-permission android:name="android.permission.ACCESS_FINE_LOCATION" />
18-->src/main/AndroidManifest.xml:8:5-78
18-->src/main/AndroidManifest.xml:8:22-76
19    <uses-permission android:name="android.permission.ACCESS_COARSE_LOCATION" />
19-->src/main/AndroidManifest.xml:9:7-82
19-->src/main/AndroidManifest.xml:9:24-80
20    <uses-permission android:name="android.permission.CAMERA" />
20-->src/main/AndroidManifest.xml:10:7-67
20-->src/main/AndroidManifest.xml:10:24-64
21    <uses-permission android:name="android.permission.ACCESS_WIFI_STATE" /> <!-- See https://developer.android.com/training/package-visibility/declaring for more details. -->
21-->[com.facebook.flipper:flipper:0.182.0] AndroidManifest.xml:16:5-76
21-->[com.facebook.flipper:flipper:0.182.0] AndroidManifest.xml:16:22-73
22    <queries>
22-->[com.stripe:payments-core:20.37.4] AndroidManifest.xml:8:5-12:15
23
24        <!-- Added to check if Chrome is installed for browser-based payment authentication (e.g. 3DS1). -->
25        <package android:name="com.android.chrome" />
25-->[com.stripe:payments-core:20.37.4] AndroidManifest.xml:11:9-54
25-->[com.stripe:payments-core:20.37.4] AndroidManifest.xml:11:18-51
26
27        <intent>
27-->[:react-native-image-crop-picker] AndroidManifest.xml:8:9-10:18
28            <action android:name="android.media.action.IMAGE_CAPTURE" />
28-->[:react-native-image-crop-picker] AndroidManifest.xml:9:13-73
28-->[:react-native-image-crop-picker] AndroidManifest.xml:9:21-70
29        </intent> <!-- Added to check the default browser that will host the AuthFlow. -->
30        <intent>
30-->[com.stripe:financial-connections:20.37.4] AndroidManifest.xml:13:9-17:18
31            <action android:name="android.intent.action.VIEW" />
31-->[com.stripe:link:20.37.4] AndroidManifest.xml:21:17-69
31-->[com.stripe:link:20.37.4] AndroidManifest.xml:21:25-66
32
33            <data android:scheme="http" />
33-->[com.stripe:link:20.37.4] AndroidManifest.xml:26:17-29:51
33-->[com.stripe:link:20.37.4] AndroidManifest.xml:29:21-48
34        </intent> <!-- Needs to be explicitly declared on Android R+ -->
35        <package android:name="com.google.android.apps.maps" />
35-->[com.google.android.gms:play-services-maps:18.2.0] AndroidManifest.xml:33:9-64
35-->[com.google.android.gms:play-services-maps:18.2.0] AndroidManifest.xml:33:18-61
36    </queries>
37
38    <uses-permission android:name="android.permission.ACCESS_NETWORK_STATE" />
38-->[:react-native-community_netinfo] AndroidManifest.xml:7:5-79
38-->[:react-native-community_netinfo] AndroidManifest.xml:7:22-76
39
40    <uses-feature
40-->[:react-native-camera] AndroidManifest.xml:12:5-14:36
41        android:name="android.hardware.camera.autofocus"
41-->[:react-native-camera] AndroidManifest.xml:13:9-57
42        android:required="false" />
42-->[:react-native-camera] AndroidManifest.xml:14:9-33
43
44    <uses-permission android:name="android.permission.WRITE_EXTERNAL_STORAGE" />
44-->[:react-native-image-crop-picker] AndroidManifest.xml:13:5-81
44-->[:react-native-image-crop-picker] AndroidManifest.xml:13:22-78
45    <uses-permission android:name="android.permission.READ_EXTERNAL_STORAGE" /> <!-- Required by older versions of Google Play services to create IID tokens -->
46    <uses-permission android:name="com.google.android.c2dm.permission.RECEIVE" />
46-->[com.google.android.gms:play-services-iid:17.0.0] AndroidManifest.xml:23:5-82
46-->[com.google.android.gms:play-services-iid:17.0.0] AndroidManifest.xml:23:22-79
47
48    <uses-feature
48-->[com.google.android.gms:play-services-maps:18.2.0] AndroidManifest.xml:26:5-28:35
49        android:glEsVersion="0x00020000"
49-->[com.google.android.gms:play-services-maps:18.2.0] AndroidManifest.xml:27:9-41
50        android:required="true" />
50-->[com.google.android.gms:play-services-maps:18.2.0] AndroidManifest.xml:28:9-32
51
52    <uses-permission android:name="android.permission.WAKE_LOCK" />
52-->[androidx.work:work-runtime:2.7.1] AndroidManifest.xml:25:5-68
52-->[androidx.work:work-runtime:2.7.1] AndroidManifest.xml:25:22-65
53    <uses-permission android:name="android.permission.RECEIVE_BOOT_COMPLETED" />
53-->[androidx.work:work-runtime:2.7.1] AndroidManifest.xml:27:5-81
53-->[androidx.work:work-runtime:2.7.1] AndroidManifest.xml:27:22-78
54    <uses-permission android:name="android.permission.FOREGROUND_SERVICE" />
54-->[androidx.work:work-runtime:2.7.1] AndroidManifest.xml:28:5-77
54-->[androidx.work:work-runtime:2.7.1] AndroidManifest.xml:28:22-74
55
56    <permission
56-->[androidx.core:core:1.12.0] AndroidManifest.xml:22:5-24:47
57        android:name="com.oneboulder.DYNAMIC_RECEIVER_NOT_EXPORTED_PERMISSION"
57-->[androidx.core:core:1.12.0] AndroidManifest.xml:23:9-81
58        android:protectionLevel="signature" />
58-->[androidx.core:core:1.12.0] AndroidManifest.xml:24:9-44
59
60    <uses-permission android:name="com.oneboulder.DYNAMIC_RECEIVER_NOT_EXPORTED_PERMISSION" />
60-->[androidx.core:core:1.12.0] AndroidManifest.xml:26:5-97
60-->[androidx.core:core:1.12.0] AndroidManifest.xml:26:22-94
61    <uses-permission android:name="com.google.android.finsky.permission.BIND_GET_INSTALL_REFERRER_SERVICE" />
61-->[com.android.installreferrer:installreferrer:1.1.2] AndroidManifest.xml:9:5-110
61-->[com.android.installreferrer:installreferrer:1.1.2] AndroidManifest.xml:9:22-107
62
63    <application
63-->src/main/AndroidManifest.xml:14:5-32:19
64        android:name="com.oneboulder.MainApplication"
64-->src/main/AndroidManifest.xml:15:7-38
65        android:appComponentFactory="androidx.core.app.CoreComponentFactory"
65-->[androidx.core:core:1.12.0] AndroidManifest.xml:28:18-86
66        android:debuggable="true"
67        android:extractNativeLibs="true"
68        android:icon="@mipmap/ic_launcher"
68-->src/main/AndroidManifest.xml:17:7-41
69        android:label="@string/app_name"
69-->src/main/AndroidManifest.xml:16:7-39
70        android:roundIcon="@mipmap/ic_launcher_round"
70-->src/main/AndroidManifest.xml:18:7-52
71        android:testOnly="true"
72        android:theme="@style/AppTheme"
72-->src/main/AndroidManifest.xml:19:7-38
73        android:usesCleartextTraffic="true" >
73-->src/debug/AndroidManifest.xml:8:9-44
74        <meta-data
74-->src/debug/AndroidManifest.xml:11:9-123
75            android:name="com.google.android.geo.API_KEY"
75-->src/debug/AndroidManifest.xml:11:20-65
76            android:value="AIzaSyCobkVCxli93gBohNPhJhuHBoWThs1pZlo" />
76-->src/debug/AndroidManifest.xml:11:66-121
77
78        <activity
78-->src/debug/AndroidManifest.xml:12:9-111
79            android:name="com.facebook.react.devsupport.DevSettingsActivity"
79-->src/debug/AndroidManifest.xml:12:19-83
80            android:exported="false" />
80-->src/debug/AndroidManifest.xml:12:84-108
81        <activity
81-->src/main/AndroidManifest.xml:21:7-31:18
82            android:name="com.oneboulder.MainActivity"
82-->src/main/AndroidManifest.xml:22:9-37
83            android:configChanges="keyboard|keyboardHidden|orientation|screenLayout|screenSize|smallestScreenSize|uiMode"
83-->src/main/AndroidManifest.xml:23:9-118
84            android:exported="true"
84-->src/main/AndroidManifest.xml:26:9-32
85            android:launchMode="singleTask"
85-->src/main/AndroidManifest.xml:24:9-40
86            android:windowSoftInputMode="adjustResize" >
86-->src/main/AndroidManifest.xml:25:9-51
87            <intent-filter>
87-->src/main/AndroidManifest.xml:27:9-30:25
88                <action android:name="android.intent.action.MAIN" />
88-->src/main/AndroidManifest.xml:28:13-65
88-->src/main/AndroidManifest.xml:28:21-62
89
90                <category android:name="android.intent.category.LAUNCHER" />
90-->src/main/AndroidManifest.xml:29:13-73
90-->src/main/AndroidManifest.xml:29:23-70
91            </intent-filter>
92        </activity>
93        <activity
93-->[com.stripe:paymentsheet:20.37.4] AndroidManifest.xml:8:9-12:58
94            android:name="com.stripe.android.paymentsheet.PaymentSheetActivity"
94-->[com.stripe:paymentsheet:20.37.4] AndroidManifest.xml:9:13-80
95            android:exported="false"
95-->[com.stripe:paymentsheet:20.37.4] AndroidManifest.xml:10:13-37
96            android:theme="@style/StripePaymentSheetDefaultTheme"
96-->[com.stripe:paymentsheet:20.37.4] AndroidManifest.xml:11:13-66
97            android:windowSoftInputMode="adjustResize" />
97-->[com.stripe:paymentsheet:20.37.4] AndroidManifest.xml:12:13-55
98        <activity
98-->[com.stripe:paymentsheet:20.37.4] AndroidManifest.xml:13:9-17:58
99            android:name="com.stripe.android.paymentsheet.PaymentOptionsActivity"
99-->[com.stripe:paymentsheet:20.37.4] AndroidManifest.xml:14:13-82
100            android:exported="false"
100-->[com.stripe:paymentsheet:20.37.4] AndroidManifest.xml:15:13-37
101            android:theme="@style/StripePaymentSheetDefaultTheme"
101-->[com.stripe:paymentsheet:20.37.4] AndroidManifest.xml:16:13-66
102            android:windowSoftInputMode="adjustResize" />
102-->[com.stripe:paymentsheet:20.37.4] AndroidManifest.xml:17:13-55
103        <activity
103-->[com.stripe:paymentsheet:20.37.4] AndroidManifest.xml:18:9-22:58
104            android:name="com.stripe.android.customersheet.CustomerSheetActivity"
104-->[com.stripe:paymentsheet:20.37.4] AndroidManifest.xml:19:13-82
105            android:exported="false"
105-->[com.stripe:paymentsheet:20.37.4] AndroidManifest.xml:20:13-37
106            android:theme="@style/StripePaymentSheetDefaultTheme"
106-->[com.stripe:paymentsheet:20.37.4] AndroidManifest.xml:21:13-66
107            android:windowSoftInputMode="adjustResize" />
107-->[com.stripe:paymentsheet:20.37.4] AndroidManifest.xml:22:13-55
108        <activity
108-->[com.stripe:paymentsheet:20.37.4] AndroidManifest.xml:23:9-26:69
109            android:name="com.stripe.android.paymentsheet.addresselement.AddressElementActivity"
109-->[com.stripe:paymentsheet:20.37.4] AndroidManifest.xml:24:13-97
110            android:exported="false"
110-->[com.stripe:paymentsheet:20.37.4] AndroidManifest.xml:25:13-37
111            android:theme="@style/StripePaymentSheetDefaultTheme" />
111-->[com.stripe:paymentsheet:20.37.4] AndroidManifest.xml:26:13-66
112        <activity
112-->[com.stripe:paymentsheet:20.37.4] AndroidManifest.xml:27:9-30:69
113            android:name="com.stripe.android.paymentsheet.paymentdatacollection.bacs.BacsMandateConfirmationActivity"
113-->[com.stripe:paymentsheet:20.37.4] AndroidManifest.xml:28:13-118
114            android:exported="false"
114-->[com.stripe:paymentsheet:20.37.4] AndroidManifest.xml:29:13-37
115            android:theme="@style/StripePaymentSheetDefaultTheme" />
115-->[com.stripe:paymentsheet:20.37.4] AndroidManifest.xml:30:13-66
116        <activity
116-->[com.stripe:paymentsheet:20.37.4] AndroidManifest.xml:31:9-34:69
117            android:name="com.stripe.android.paymentsheet.paymentdatacollection.polling.PollingActivity"
117-->[com.stripe:paymentsheet:20.37.4] AndroidManifest.xml:32:13-105
118            android:exported="false"
118-->[com.stripe:paymentsheet:20.37.4] AndroidManifest.xml:33:13-37
119            android:theme="@style/StripePaymentSheetDefaultTheme" />
119-->[com.stripe:paymentsheet:20.37.4] AndroidManifest.xml:34:13-66
120        <activity
120-->[com.stripe:paymentsheet:20.37.4] AndroidManifest.xml:35:9-38:69
121            android:name="com.stripe.android.paymentsheet.ui.SepaMandateActivity"
121-->[com.stripe:paymentsheet:20.37.4] AndroidManifest.xml:36:13-82
122            android:exported="false"
122-->[com.stripe:paymentsheet:20.37.4] AndroidManifest.xml:37:13-37
123            android:theme="@style/StripePaymentSheetDefaultTheme" />
123-->[com.stripe:paymentsheet:20.37.4] AndroidManifest.xml:38:13-66
124        <activity
124-->[com.stripe:link:20.37.4] AndroidManifest.xml:8:9-13:61
125            android:name="com.stripe.android.link.LinkForegroundActivity"
125-->[com.stripe:link:20.37.4] AndroidManifest.xml:9:13-74
126            android:autoRemoveFromRecents="true"
126-->[com.stripe:link:20.37.4] AndroidManifest.xml:10:13-49
127            android:configChanges="orientation|keyboard|keyboardHidden|screenLayout|screenSize|smallestScreenSize"
127-->[com.stripe:link:20.37.4] AndroidManifest.xml:11:13-115
128            android:launchMode="singleTop"
128-->[com.stripe:link:20.37.4] AndroidManifest.xml:12:13-43
129            android:theme="@style/StripeTransparentTheme" />
129-->[com.stripe:link:20.37.4] AndroidManifest.xml:13:13-58
130        <activity
130-->[com.stripe:link:20.37.4] AndroidManifest.xml:14:9-31:20
131            android:name="com.stripe.android.link.LinkRedirectHandlerActivity"
131-->[com.stripe:link:20.37.4] AndroidManifest.xml:15:13-79
132            android:autoRemoveFromRecents="true"
132-->[com.stripe:link:20.37.4] AndroidManifest.xml:16:13-49
133            android:exported="true"
133-->[com.stripe:link:20.37.4] AndroidManifest.xml:17:13-36
134            android:launchMode="singleInstance"
134-->[com.stripe:link:20.37.4] AndroidManifest.xml:18:13-48
135            android:theme="@style/StripeTransparentTheme" >
135-->[com.stripe:link:20.37.4] AndroidManifest.xml:19:13-58
136            <intent-filter>
136-->[com.stripe:link:20.37.4] AndroidManifest.xml:20:13-30:29
137                <action android:name="android.intent.action.VIEW" />
137-->[com.stripe:link:20.37.4] AndroidManifest.xml:21:17-69
137-->[com.stripe:link:20.37.4] AndroidManifest.xml:21:25-66
138
139                <category android:name="android.intent.category.DEFAULT" />
139-->[com.stripe:link:20.37.4] AndroidManifest.xml:23:17-76
139-->[com.stripe:link:20.37.4] AndroidManifest.xml:23:27-73
140                <category android:name="android.intent.category.BROWSABLE" />
140-->[com.stripe:link:20.37.4] AndroidManifest.xml:24:17-78
140-->[com.stripe:link:20.37.4] AndroidManifest.xml:24:27-75
141
142                <data
142-->[com.stripe:link:20.37.4] AndroidManifest.xml:26:17-29:51
143                    android:host="complete"
143-->[com.stripe:link:20.37.4] AndroidManifest.xml:27:21-44
144                    android:path="/com.oneboulder"
144-->[com.stripe:link:20.37.4] AndroidManifest.xml:28:21-53
145                    android:scheme="link-popup" />
145-->[com.stripe:link:20.37.4] AndroidManifest.xml:29:21-48
146            </intent-filter>
147        </activity>
148        <activity
148-->[com.stripe:payments-ui-core:20.37.4] AndroidManifest.xml:8:9-11:69
149            android:name="com.stripe.android.ui.core.cardscan.CardScanActivity"
149-->[com.stripe:payments-ui-core:20.37.4] AndroidManifest.xml:9:13-80
150            android:exported="false"
150-->[com.stripe:payments-ui-core:20.37.4] AndroidManifest.xml:10:13-37
151            android:theme="@style/StripePaymentSheetDefaultTheme" />
151-->[com.stripe:payments-ui-core:20.37.4] AndroidManifest.xml:11:13-66
152        <activity
152-->[com.stripe:payments-core:20.37.4] AndroidManifest.xml:15:9-18:57
153            android:name="com.stripe.android.view.AddPaymentMethodActivity"
153-->[com.stripe:payments-core:20.37.4] AndroidManifest.xml:16:13-76
154            android:exported="false"
154-->[com.stripe:payments-core:20.37.4] AndroidManifest.xml:17:13-37
155            android:theme="@style/StripeDefaultTheme" />
155-->[com.stripe:payments-core:20.37.4] AndroidManifest.xml:18:13-54
156        <activity
156-->[com.stripe:payments-core:20.37.4] AndroidManifest.xml:19:9-22:57
157            android:name="com.stripe.android.view.PaymentMethodsActivity"
157-->[com.stripe:payments-core:20.37.4] AndroidManifest.xml:20:13-74
158            android:exported="false"
158-->[com.stripe:payments-core:20.37.4] AndroidManifest.xml:21:13-37
159            android:theme="@style/StripeDefaultTheme" />
159-->[com.stripe:payments-core:20.37.4] AndroidManifest.xml:22:13-54
160        <activity
160-->[com.stripe:payments-core:20.37.4] AndroidManifest.xml:23:9-26:57
161            android:name="com.stripe.android.view.PaymentFlowActivity"
161-->[com.stripe:payments-core:20.37.4] AndroidManifest.xml:24:13-71
162            android:exported="false"
162-->[com.stripe:payments-core:20.37.4] AndroidManifest.xml:25:13-37
163            android:theme="@style/StripeDefaultTheme" />
163-->[com.stripe:payments-core:20.37.4] AndroidManifest.xml:26:13-54
164        <activity
164-->[com.stripe:payments-core:20.37.4] AndroidManifest.xml:27:9-31:58
165            android:name="com.stripe.android.view.PaymentAuthWebViewActivity"
165-->[com.stripe:payments-core:20.37.4] AndroidManifest.xml:28:13-78
166            android:exported="false"
166-->[com.stripe:payments-core:20.37.4] AndroidManifest.xml:29:13-37
167            android:theme="@style/StripeDefaultTheme"
167-->[com.stripe:payments-core:20.37.4] AndroidManifest.xml:30:13-54
168            android:windowSoftInputMode="adjustResize" />
168-->[com.stripe:payments-core:20.37.4] AndroidManifest.xml:31:13-55
169        <activity
169-->[com.stripe:payments-core:20.37.4] AndroidManifest.xml:32:9-35:61
170            android:name="com.stripe.android.view.PaymentRelayActivity"
170-->[com.stripe:payments-core:20.37.4] AndroidManifest.xml:33:13-72
171            android:exported="false"
171-->[com.stripe:payments-core:20.37.4] AndroidManifest.xml:34:13-37
172            android:theme="@style/StripeTransparentTheme" />
172-->[com.stripe:payments-core:20.37.4] AndroidManifest.xml:35:13-58
173        <!--
174        Set android:launchMode="singleTop" so that the StripeBrowserLauncherActivity instance that
175        launched the browser Activity will also handle the return URL deep link.
176        -->
177        <activity
177-->[com.stripe:payments-core:20.37.4] AndroidManifest.xml:41:9-45:61
178            android:name="com.stripe.android.payments.StripeBrowserLauncherActivity"
178-->[com.stripe:payments-core:20.37.4] AndroidManifest.xml:42:13-85
179            android:exported="false"
179-->[com.stripe:payments-core:20.37.4] AndroidManifest.xml:43:13-37
180            android:launchMode="singleTask"
180-->[com.stripe:payments-core:20.37.4] AndroidManifest.xml:44:13-44
181            android:theme="@style/StripeTransparentTheme" />
181-->[com.stripe:payments-core:20.37.4] AndroidManifest.xml:45:13-58
182        <activity
182-->[com.stripe:payments-core:20.37.4] AndroidManifest.xml:46:9-63:20
183            android:name="com.stripe.android.payments.StripeBrowserProxyReturnActivity"
183-->[com.stripe:payments-core:20.37.4] AndroidManifest.xml:47:13-88
184            android:exported="true"
184-->[com.stripe:payments-core:20.37.4] AndroidManifest.xml:48:13-36
185            android:launchMode="singleTask"
185-->[com.stripe:payments-core:20.37.4] AndroidManifest.xml:49:13-44
186            android:theme="@style/StripeTransparentTheme" >
186-->[com.stripe:payments-core:20.37.4] AndroidManifest.xml:50:13-58
187            <intent-filter>
187-->[com.stripe:payments-core:20.37.4] AndroidManifest.xml:51:13-62:29
188                <action android:name="android.intent.action.VIEW" />
188-->[com.stripe:link:20.37.4] AndroidManifest.xml:21:17-69
188-->[com.stripe:link:20.37.4] AndroidManifest.xml:21:25-66
189
190                <category android:name="android.intent.category.DEFAULT" />
190-->[com.stripe:link:20.37.4] AndroidManifest.xml:23:17-76
190-->[com.stripe:link:20.37.4] AndroidManifest.xml:23:27-73
191                <category android:name="android.intent.category.BROWSABLE" />
191-->[com.stripe:link:20.37.4] AndroidManifest.xml:24:17-78
191-->[com.stripe:link:20.37.4] AndroidManifest.xml:24:27-75
192
193                <!-- Must match `DefaultReturnUrl#value`. -->
194                <data
194-->[com.stripe:link:20.37.4] AndroidManifest.xml:26:17-29:51
195                    android:host="payment_return_url"
195-->[com.stripe:link:20.37.4] AndroidManifest.xml:27:21-44
196                    android:path="/com.oneboulder"
196-->[com.stripe:link:20.37.4] AndroidManifest.xml:28:21-53
197                    android:scheme="stripesdk" />
197-->[com.stripe:link:20.37.4] AndroidManifest.xml:29:21-48
198            </intent-filter>
199        </activity>
200        <activity
200-->[com.stripe:payments-core:20.37.4] AndroidManifest.xml:64:9-67:57
201            android:name="com.stripe.android.payments.core.authentication.threeds2.Stripe3ds2TransactionActivity"
201-->[com.stripe:payments-core:20.37.4] AndroidManifest.xml:65:13-114
202            android:exported="false"
202-->[com.stripe:payments-core:20.37.4] AndroidManifest.xml:66:13-37
203            android:theme="@style/StripeDefaultTheme" />
203-->[com.stripe:payments-core:20.37.4] AndroidManifest.xml:67:13-54
204        <activity
204-->[com.stripe:payments-core:20.37.4] AndroidManifest.xml:68:9-71:66
205            android:name="com.stripe.android.googlepaylauncher.GooglePayLauncherActivity"
205-->[com.stripe:payments-core:20.37.4] AndroidManifest.xml:69:13-90
206            android:exported="false"
206-->[com.stripe:payments-core:20.37.4] AndroidManifest.xml:70:13-37
207            android:theme="@style/StripeGooglePayDefaultTheme" />
207-->[com.stripe:payments-core:20.37.4] AndroidManifest.xml:71:13-63
208        <activity
208-->[com.stripe:payments-core:20.37.4] AndroidManifest.xml:72:9-75:66
209            android:name="com.stripe.android.googlepaylauncher.GooglePayPaymentMethodLauncherActivity"
209-->[com.stripe:payments-core:20.37.4] AndroidManifest.xml:73:13-103
210            android:exported="false"
210-->[com.stripe:payments-core:20.37.4] AndroidManifest.xml:74:13-37
211            android:theme="@style/StripeGooglePayDefaultTheme" />
211-->[com.stripe:payments-core:20.37.4] AndroidManifest.xml:75:13-63
212        <activity
212-->[com.stripe:payments-core:20.37.4] AndroidManifest.xml:76:9-79:68
213            android:name="com.stripe.android.payments.paymentlauncher.PaymentLauncherConfirmationActivity"
213-->[com.stripe:payments-core:20.37.4] AndroidManifest.xml:77:13-107
214            android:exported="false"
214-->[com.stripe:payments-core:20.37.4] AndroidManifest.xml:78:13-37
215            android:theme="@style/StripePayLauncherDefaultTheme" />
215-->[com.stripe:payments-core:20.37.4] AndroidManifest.xml:79:13-65
216        <activity
216-->[com.stripe:payments-core:20.37.4] AndroidManifest.xml:80:9-83:61
217            android:name="com.stripe.android.payments.bankaccount.ui.CollectBankAccountActivity"
217-->[com.stripe:payments-core:20.37.4] AndroidManifest.xml:81:13-97
218            android:exported="false"
218-->[com.stripe:payments-core:20.37.4] AndroidManifest.xml:82:13-37
219            android:theme="@style/StripeTransparentTheme" />
219-->[com.stripe:payments-core:20.37.4] AndroidManifest.xml:83:13-58
220        <activity
220-->[com.stripe:stripe-3ds2-android:6.1.8] AndroidManifest.xml:8:9-11:54
221            android:name="com.stripe.android.stripe3ds2.views.ChallengeActivity"
221-->[com.stripe:stripe-3ds2-android:6.1.8] AndroidManifest.xml:9:13-81
222            android:exported="false"
222-->[com.stripe:stripe-3ds2-android:6.1.8] AndroidManifest.xml:10:13-37
223            android:theme="@style/Stripe3DS2Theme" />
223-->[com.stripe:stripe-3ds2-android:6.1.8] AndroidManifest.xml:11:13-51
224
225        <provider
225-->[:react-native-image-crop-picker] AndroidManifest.xml:16:9-24:20
226            android:name="com.reactnative.ivpusic.imagepicker.IvpusicImagePickerFileProvider"
226-->[:react-native-image-crop-picker] AndroidManifest.xml:17:13-94
227            android:authorities="com.oneboulder.provider"
227-->[:react-native-image-crop-picker] AndroidManifest.xml:18:13-60
228            android:exported="false"
228-->[:react-native-image-crop-picker] AndroidManifest.xml:19:13-37
229            android:grantUriPermissions="true" >
229-->[:react-native-image-crop-picker] AndroidManifest.xml:20:13-47
230            <meta-data
230-->[:react-native-image-crop-picker] AndroidManifest.xml:21:13-23:78
231                android:name="android.support.FILE_PROVIDER_PATHS"
231-->[:react-native-image-crop-picker] AndroidManifest.xml:22:17-67
232                android:resource="@xml/ivpusic_imagepicker_provider_paths" />
232-->[:react-native-image-crop-picker] AndroidManifest.xml:23:17-75
233        </provider>
234
235        <activity
235-->[:react-native-image-crop-picker] AndroidManifest.xml:26:9-28:72
236            android:name="com.yalantis.ucrop.UCropActivity"
236-->[:react-native-image-crop-picker] AndroidManifest.xml:27:13-60
237            android:theme="@style/Theme.AppCompat.Light.NoActionBar" />
237-->[:react-native-image-crop-picker] AndroidManifest.xml:28:13-69
238
239        <provider
239-->[:react-native-image-picker] AndroidManifest.xml:8:9-16:20
240            android:name="com.imagepicker.ImagePickerProvider"
240-->[:react-native-image-picker] AndroidManifest.xml:9:13-63
241            android:authorities="com.oneboulder.imagepickerprovider"
241-->[:react-native-image-picker] AndroidManifest.xml:10:13-71
242            android:exported="false"
242-->[:react-native-image-picker] AndroidManifest.xml:11:13-37
243            android:grantUriPermissions="true" >
243-->[:react-native-image-picker] AndroidManifest.xml:12:13-47
244            <meta-data
244-->[:react-native-image-crop-picker] AndroidManifest.xml:21:13-23:78
245                android:name="android.support.FILE_PROVIDER_PATHS"
245-->[:react-native-image-crop-picker] AndroidManifest.xml:22:17-67
246                android:resource="@xml/imagepicker_provider_paths" />
246-->[:react-native-image-crop-picker] AndroidManifest.xml:23:17-75
247        </provider>
248        <provider
248-->[:react-native-webview] AndroidManifest.xml:8:9-16:20
249            android:name="com.reactnativecommunity.webview.RNCWebViewFileProvider"
249-->[:react-native-webview] AndroidManifest.xml:9:13-83
250            android:authorities="com.oneboulder.fileprovider"
250-->[:react-native-webview] AndroidManifest.xml:10:13-64
251            android:exported="false"
251-->[:react-native-webview] AndroidManifest.xml:11:13-37
252            android:grantUriPermissions="true" >
252-->[:react-native-webview] AndroidManifest.xml:12:13-47
253            <meta-data
253-->[:react-native-image-crop-picker] AndroidManifest.xml:21:13-23:78
254                android:name="android.support.FILE_PROVIDER_PATHS"
254-->[:react-native-image-crop-picker] AndroidManifest.xml:22:17-67
255                android:resource="@xml/file_provider_paths" />
255-->[:react-native-image-crop-picker] AndroidManifest.xml:23:17-75
256        </provider>
257
258        <activity
258-->[com.stripe:financial-connections:20.37.4] AndroidManifest.xml:21:9-65:20
259            android:name="com.stripe.android.financialconnections.FinancialConnectionsSheetRedirectActivity"
259-->[com.stripe:financial-connections:20.37.4] AndroidManifest.xml:22:13-109
260            android:exported="true"
260-->[com.stripe:financial-connections:20.37.4] AndroidManifest.xml:23:13-36
261            android:launchMode="singleTask" >
261-->[com.stripe:financial-connections:20.37.4] AndroidManifest.xml:24:13-44
262            <intent-filter>
262-->[com.stripe:financial-connections:20.37.4] AndroidManifest.xml:25:13-64:29
263                <action android:name="android.intent.action.VIEW" />
263-->[com.stripe:link:20.37.4] AndroidManifest.xml:21:17-69
263-->[com.stripe:link:20.37.4] AndroidManifest.xml:21:25-66
264
265                <category android:name="android.intent.category.DEFAULT" />
265-->[com.stripe:link:20.37.4] AndroidManifest.xml:23:17-76
265-->[com.stripe:link:20.37.4] AndroidManifest.xml:23:27-73
266                <category android:name="android.intent.category.BROWSABLE" />
266-->[com.stripe:link:20.37.4] AndroidManifest.xml:24:17-78
266-->[com.stripe:link:20.37.4] AndroidManifest.xml:24:27-75
267
268                <!-- Returning from app2app: return_url is triggered to reopen web AuthFlow and poll accounts. -->
269                <data
269-->[com.stripe:link:20.37.4] AndroidManifest.xml:26:17-29:51
270                    android:host="link-accounts"
270-->[com.stripe:link:20.37.4] AndroidManifest.xml:27:21-44
271                    android:pathPrefix="/com.oneboulder/authentication_return"
272                    android:scheme="stripe-auth" />
272-->[com.stripe:link:20.37.4] AndroidManifest.xml:29:21-48
273
274                <!-- Returning from app2app: return_url is triggered to reopen native AuthFlow and poll accounts. -->
275                <data
275-->[com.stripe:link:20.37.4] AndroidManifest.xml:26:17-29:51
276                    android:host="link-native-accounts"
276-->[com.stripe:link:20.37.4] AndroidManifest.xml:27:21-44
277                    android:pathPrefix="/com.oneboulder/authentication_return"
278                    android:scheme="stripe-auth" />
278-->[com.stripe:link:20.37.4] AndroidManifest.xml:29:21-48
279
280                <!-- End of web AuthFlow success and cancel URIs that begin with "stripe-auth://link-accounts/{app-id}/...” -->
281                <data
281-->[com.stripe:link:20.37.4] AndroidManifest.xml:26:17-29:51
282                    android:host="link-accounts"